<?xml version="1.0" encoding="UTF-8"?>
<testng-results skipped="0" failed="0" total="2" passed="2">
  <reporter-output>
  </reporter-output>
  <suite name="Default suite" duration-ms="16049" started-at="2020-06-01T02:39:40Z" finished-at="2020-06-01T02:39:56Z">
    <groups>
    </groups>
    <test name="Default test" duration-ms="16049" started-at="2020-06-01T02:39:40Z" finished-at="2020-06-01T02:39:56Z">
      <class name="testcases.LoginTest">
        <test-method status="PASS" signature="setupReport()[pri:0, instance:testcases.LoginTest@5e5792a0]" name="setupReport" is-config="true" duration-ms="315" started-at="2020-05-31T22:39:40Z" finished-at="2020-05-31T22:39:40Z">
          <reporter-output>
          </reporter-output>
        </test-method> <!-- setupReport -->
        <test-method status="PASS" signature="setupBrowser()[pri:0, instance:testcases.LoginTest@5e5792a0]" name="setupBrowser" is-config="true" duration-ms="7448" started-at="2020-05-31T22:39:40Z" finished-at="2020-05-31T22:39:48Z">
          <reporter-output>
          </reporter-output>
        </test-method> <!-- setupBrowser -->
        <test-method status="PASS" signature="loginToApp()[pri:1, instance:testcases.LoginTest@5e5792a0]" name="loginToApp" duration-ms="2798" started-at="2020-05-31T22:39:48Z" finished-at="2020-05-31T22:39:50Z">
          <reporter-output>
          </reporter-output>
        </test-method> <!-- loginToApp -->
        <test-method status="PASS" signature="appendReport(org.testng.ITestResult)[pri:0, instance:testcases.LoginTest@5e5792a0]" name="appendReport" is-config="true" duration-ms="870" started-at="2020-05-31T22:39:50Z" finished-at="2020-05-31T22:39:51Z">
          <params>
            <param index="0">
              <value>
                <![CDATA[[TestResult name=loginToApp status=SUCCESS method=LoginTest.loginToApp()[pri:1, instance:testcases.LoginTest@5e5792a0] output={null}]]]>
              </value>
            </param>
          </params>
          <reporter-output>
          </reporter-output>
        </test-method> <!-- appendReport -->
        <test-method status="PASS" signature="userManagement()[pri:2, instance:testcases.LoginTest@5e5792a0]" name="userManagement" duration-ms="3630" started-at="2020-05-31T22:39:51Z" finished-at="2020-05-31T22:39:55Z">
          <reporter-output>
          </reporter-output>
        </test-method> <!-- userManagement -->
        <test-method status="PASS" signature="appendReport(org.testng.ITestResult)[pri:0, instance:testcases.LoginTest@5e5792a0]" name="appendReport" is-config="true" duration-ms="428" started-at="2020-05-31T22:39:55Z" finished-at="2020-05-31T22:39:55Z">
          <params>
            <param index="0">
              <value>
                <![CDATA[[TestResult name=userManagement status=SUCCESS method=LoginTest.userManagement()[pri:2, instance:testcases.LoginTest@5e5792a0] output={null}]]]>
              </value>
            </param>
          </params>
          <reporter-output>
          </reporter-output>
        </test-method> <!-- appendReport -->
        <test-method status="PASS" signature="CloseSessons()[pri:0, instance:testcases.LoginTest@5e5792a0]" name="CloseSessons" is-config="true" duration-ms="858" started-at="2020-05-31T22:39:55Z" finished-at="2020-05-31T22:39:56Z">
          <reporter-output>
          </reporter-output>
        </test-method> <!-- CloseSessons -->
      </class> <!-- testcases.LoginTest -->
    </test> <!-- Default test -->
  </suite> <!-- Default suite -->
</testng-results>
