<?xml version="1.0" encoding="UTF-8"?>
<!-- Generated by org.testng.reporters.JUnitXMLReporter -->
<testsuite hostname="DESKTOP-82O1LDF" name="Default test" tests="2" failures="0" timestamp="14 Feb 2020 06:08:08 GMT" time="11.846" errors="0">
  <testcase name="loginToAP" time="0.0" classname="testcases.LoginTestWithDataProvider">
    <skipped/>
  </testcase> <!-- loginToAP -->
  <testcase name="userManagement" time="0.0" classname="testcases.LoginTestWithDataProvider">
    <skipped/>
  </testcase> <!-- userManagement -->
</testsuite> <!-- Default test -->
